<?xml version="1.0" encoding="UTF-8"?>
<!-- Generated by org.testng.reporters.JUnitReportReporter -->
<testsuite skipped="1" hostname="FaisalKhatri" name="com.mfaisalkhatri.practice.PdfReader" tests="2" failures="0" timestamp="27 Oct 2018 16:40:43 GMT" time="1.937" errors="0">
  <testcase name="test2" time="1.937" classname="com.mfaisalkhatri.practice.PdfReader"/>
  <testcase name="test1" classname="com.mfaisalkhatri.practice.PdfReader">
    <skipped/>
  </testcase> <!-- test1 -->
</testsuite> <!-- com.mfaisalkhatri.practice.PdfReader -->
